mode: count
C:\Users\simon\Coding\golang\netfw\switch.go:9.37,13.2 1 0
C:\Users\simon\Coding\golang\netfw\edgepatch.go:9.43,13.2 1 1
C:\Users\simon\Coding\golang\netfw\firewall.go:11.41,15.2 1 5
C:\Users\simon\Coding\golang\netfw\firewall.go:18.50,19.18 1 6
C:\Users\simon\Coding\golang\netfw\firewall.go:22.2,22.27 1 5
C:\Users\simon\Coding\golang\netfw\firewall.go:25.2,25.30 1 3
C:\Users\simon\Coding\golang\netfw\firewall.go:28.2,29.12 2 2
C:\Users\simon\Coding\golang\netfw\firewall.go:19.18,21.3 1 1
C:\Users\simon\Coding\golang\netfw\firewall.go:22.27,24.3 1 2
C:\Users\simon\Coding\golang\netfw\firewall.go:25.30,27.3 1 1
C:\Users\simon\Coding\golang\netfw\iface.go:13.35,17.2 1 12
C:\Users\simon\Coding\golang\netfw\iface.go:20.42,23.2 2 1
C:\Users\simon\Coding\golang\netfw\iface.go:26.41,29.2 2 1
C:\Users\simon\Coding\golang\netfw\iface.go:32.38,34.2 1 11
C:\Users\simon\Coding\golang\netfw\iface.go:37.42,39.2 1 4
C:\Users\simon\Coding\golang\netfw\iface.go:58.33,60.2 1 4
C:\Users\simon\Coding\golang\netfw\iface.go:96.40,98.2 1 2
C:\Users\simon\Coding\golang\netfw\iface.go:101.38,103.2 1 3
C:\Users\simon\Coding\golang\netfw\netfw.go:54.34,56.2 1 4
C:\Users\simon\Coding\golang\netfw\netfw.go:68.50,76.2 1 33
C:\Users\simon\Coding\golang\netfw\netfw.go:79.35,81.2 1 26
C:\Users\simon\Coding\golang\netfw\netfw.go:84.35,85.21 1 4
C:\Users\simon\Coding\golang\netfw\netfw.go:89.2,89.69 1 1
C:\Users\simon\Coding\golang\netfw\netfw.go:85.21,88.3 1 3
C:\Users\simon\Coding\golang\netfw\netfw.go:93.37,95.2 1 7
C:\Users\simon\Coding\golang\netfw\netfw.go:98.43,100.2 1 13
C:\Users\simon\Coding\golang\netfw\netfw.go:103.41,109.2 5 8
C:\Users\simon\Coding\golang\netfw\netfw.go:112.49,113.46 1 11
C:\Users\simon\Coding\golang\netfw\netfw.go:116.2,116.14 1 6
C:\Users\simon\Coding\golang\netfw\netfw.go:113.46,115.3 1 5
C:\Users\simon\Coding\golang\netfw\netfw.go:120.41,123.35 2 3
C:\Users\simon\Coding\golang\netfw\netfw.go:126.2,126.17 1 3
C:\Users\simon\Coding\golang\netfw\netfw.go:123.35,125.3 1 4
C:\Users\simon\Coding\golang\netfw\netfw.go:130.40,131.22 1 3
C:\Users\simon\Coding\golang\netfw\netfw.go:135.2,135.22 1 2
C:\Users\simon\Coding\golang\netfw\netfw.go:138.2,140.12 3 1
C:\Users\simon\Coding\golang\netfw\netfw.go:131.22,133.3 1 1
C:\Users\simon\Coding\golang\netfw\netfw.go:135.22,137.3 1 1
C:\Users\simon\Coding\golang\netfw\show.go:6.29,8.42 2 0
C:\Users\simon\Coding\golang\netfw\show.go:8.42,10.3 1 0
C:\Users\simon\Coding\golang\netfw\site.go:11.33,15.2 1 2
C:\Users\simon\Coding\golang\netfw\site.go:18.48,19.15 1 6
C:\Users\simon\Coding\golang\netfw\site.go:22.2,23.23 2 5
C:\Users\simon\Coding\golang\netfw\site.go:26.2,26.27 1 3
C:\Users\simon\Coding\golang\netfw\site.go:29.2,30.12 2 2
C:\Users\simon\Coding\golang\netfw\site.go:19.15,21.3 1 1
C:\Users\simon\Coding\golang\netfw\site.go:23.23,25.3 1 2
C:\Users\simon\Coding\golang\netfw\site.go:26.27,28.3 1 1
